<?xml version="1.0" encoding="UTF-8" ?>
<testsuite tests="26" failures="0" name="pcgen.core.ChallengeRatingPathfinderTest" time="0.925" errors="0" skipped="0">
  <properties>
[...]
</properties>
  <testcase classname="pcgen.core.ChallengeRatingPathfinderTest" name="testPCClassDryadNonKeyLevel8" time="0.098"/>
  <testcase classname="pcgen.core.ChallengeRatingPathfinderTest" name="testPCClassKoboldLevel4" time="0.028"/>
  <testcase classname="pcgen.core.ChallengeRatingPathfinderTest" name="testPCClassBabauNonKeyLevel4" time="0.077"/>
  <testcase classname="pcgen.core.ChallengeRatingPathfinderTest" name="testMite" time="0.033"/>
  <testcase classname="pcgen.core.ChallengeRatingPathfinderTest" name="testPCClassBabauKeyLevel4" time="0.066"/>
  <testcase classname="pcgen.core.ChallengeRatingPathfinderTest" name="testMultiClassPCLevel4PCLevel4" time="0.024"/>
  <testcase classname="pcgen.core.ChallengeRatingPathfinderTest" name="testCompanion" time="0.045"/>
  <testcase classname="pcgen.core.ChallengeRatingPathfinderTest" name="testMultiClassNPCLevel4PCLevel4" time="0.039"/>
  <testcase classname="pcgen.core.ChallengeRatingPathfinderTest" name="testPCClassLevel1" time="0.017"/>
  <testcase classname="pcgen.core.ChallengeRatingPathfinderTest" name="testPCClassLevel2" time="0.067"/>
  <testcase classname="pcgen.core.ChallengeRatingPathfinderTest" name="testCentipede" time="0"/>
  <testcase classname="pcgen.core.ChallengeRatingPathfinderTest" name="testPCClassDyradKeyLevel8" time="0.028"/>
  <testcase classname="pcgen.core.ChallengeRatingPathfinderTest" name="testBeetle" time="0.024"/>
  <testcase classname="pcgen.core.ChallengeRatingPathfinderTest" name="testDireRat" time="0.048"/>
  <testcase classname="pcgen.core.ChallengeRatingPathfinderTest" name="testPCClassDrowNobleLevel4" time="0.013"/>
  <testcase classname="pcgen.core.ChallengeRatingPathfinderTest" name="testNPCClassDrowNobleLevel4" time="0.025"/>
  <testcase classname="pcgen.core.ChallengeRatingPathfinderTest" name="testMultiClassNPCLevel4NPCLevel4" time="0.06"/>
  <testcase classname="pcgen.core.ChallengeRatingPathfinderTest" name="testPCClassBabauNonKeyLevel10" time="0.051"/>
  <testcase classname="pcgen.core.ChallengeRatingPathfinderTest" name="testZombie" time="0.027"/>
  <testcase classname="pcgen.core.ChallengeRatingPathfinderTest" name="testNPCClassKoboldLevel1" time="0.035"/>
  <testcase classname="pcgen.core.ChallengeRatingPathfinderTest" name="testNPCClassKoboldLevel2" time="0.019"/>
  <testcase classname="pcgen.core.ChallengeRatingPathfinderTest" name="testNPCClassKoboldLevel3" time="0.059"/>
  <testcase classname="pcgen.core.ChallengeRatingPathfinderTest" name="testNPCClassKoboldLevel4" time="0"/>
  <testcase classname="pcgen.core.ChallengeRatingPathfinderTest" name="testNPCClassLevel1" time="0.008"/>
  <testcase classname="pcgen.core.ChallengeRatingPathfinderTest" name="testNPCClassLevel2" time="0.017"/>
  <testcase classname="pcgen.core.ChallengeRatingPathfinderTest" name="testNPCClassLevel3" time="0.017"/>
</testsuite>