<?xml version="1.0" encoding="UTF-8" ?>
<testsuite tests="28" failures="0" name="pcgen.util.TermUtilitiesTest" time="0.001" errors="0" skipped="0">
  <properties>
[...]
</properties>
  <testcase classname="pcgen.util.TermUtilitiesTest" name="testcheckEquipmentTypesArray01" time="0"/>
  <testcase classname="pcgen.util.TermUtilitiesTest" name="testcheckEquipmentTypesArray02" time="0"/>
  <testcase classname="pcgen.util.TermUtilitiesTest" name="testcheckEquipmentTypesArray03" time="0"/>
  <testcase classname="pcgen.util.TermUtilitiesTest" name="testcheckEquipmentTypesArray04" time="0"/>
  <testcase classname="pcgen.util.TermUtilitiesTest" name="testcheckEquipmentTypesArray05" time="0"/>
  <testcase classname="pcgen.util.TermUtilitiesTest" name="testcheckEquipmentTypesArray06" time="0"/>
  <testcase classname="pcgen.util.TermUtilitiesTest" name="testcheckEquipmentTypesArray07" time="0"/>
  <testcase classname="pcgen.util.TermUtilitiesTest" name="testcheckEquipmentTypesArray08" time="0"/>
  <testcase classname="pcgen.util.TermUtilitiesTest" name="testExtractContentsOfBrackets01" time="0"/>
  <testcase classname="pcgen.util.TermUtilitiesTest" name="testExtractContentsOfBrackets02" time="0"/>
  <testcase classname="pcgen.util.TermUtilitiesTest" name="testExtractContentsOfBrackets03" time="0"/>
  <testcase classname="pcgen.util.TermUtilitiesTest" name="testConvertToIntegers01" time="0"/>
  <testcase classname="pcgen.util.TermUtilitiesTest" name="testConvertToIntegers02" time="0"/>
  <testcase classname="pcgen.util.TermUtilitiesTest" name="testConvertToIntegers03" time="0.001"/>
  <testcase classname="pcgen.util.TermUtilitiesTest" name="testConvertToIntegers04" time="0"/>
  <testcase classname="pcgen.util.TermUtilitiesTest" name="testConvertToIntegers05" time="0"/>
  <testcase classname="pcgen.util.TermUtilitiesTest" name="testSplitAndConvertIntegers01" time="0"/>
  <testcase classname="pcgen.util.TermUtilitiesTest" name="testSplitAndConvertIntegers02" time="0"/>
  <testcase classname="pcgen.util.TermUtilitiesTest" name="testSplitAndConvertIntegers03" time="0"/>
  <testcase classname="pcgen.util.TermUtilitiesTest" name="testSplitAndConvertIntegers04" time="0"/>
  <testcase classname="pcgen.util.TermUtilitiesTest" name="testcheckEqTypeTypesArray01" time="0"/>
  <testcase classname="pcgen.util.TermUtilitiesTest" name="testcheckEqTypeTypesArray02" time="0"/>
  <testcase classname="pcgen.util.TermUtilitiesTest" name="testcheckEqTypeTypesArray03" time="0"/>
  <testcase classname="pcgen.util.TermUtilitiesTest" name="testcheckEqTypeTypesArray04" time="0"/>
  <testcase classname="pcgen.util.TermUtilitiesTest" name="testcheckEqTypeTypesArray05" time="0"/>
  <testcase classname="pcgen.util.TermUtilitiesTest" name="testcheckEqTypeTypesArray06" time="0"/>
  <testcase classname="pcgen.util.TermUtilitiesTest" name="testcheckEqTypeTypesArray07" time="0"/>
  <testcase classname="pcgen.util.TermUtilitiesTest" name="testcheckEqTypeTypesArray08" time="0"/>
</testsuite>