<?xml version="1.0" encoding="UTF-8" ?>
<testsuite tests="5" failures="0" name="pcgen.core.prereq.PreDeityTest" time="0.117" errors="0" skipped="0">
  <properties>
[...]
</properties>
  <testcase classname="pcgen.core.prereq.PreDeityTest" name="testName" time="0"/>
  <testcase classname="pcgen.core.prereq.PreDeityTest" name="testBoolean" time="0.004"/>
  <testcase classname="pcgen.core.prereq.PreDeityTest" name="testNewFormat" time="0.003"/>
  <testcase classname="pcgen.core.prereq.PreDeityTest" name="testFormat" time="0.11"/>
  <testcase classname="pcgen.core.prereq.PreDeityTest" name="testPantheon" time="0"/>
</testsuite>