<?xml version="1.0" encoding="UTF-8" ?>
<testsuite tests="13" failures="4" name="pcgen.io.exporttoken.WeaponTokenTest" time="0.335" errors="0" skipped="0">
  <properties>
[...]
</properties>
  <testcase classname="pcgen.io.exporttoken.WeaponTokenTest" name="testDoubleWeapon" time="0.001">
    <failure message="1H-P - BASEHIT-H1" type="junit.framework.AssertionFailedError">junit.framework.AssertionFailedError: 1H-P - BASEHIT-H1
	at junit.framework.Assert.fail(Assert.java:57)
	at junit.framework.Assert.assertTrue(Assert.java:22)
	at junit.framework.Assert.assertNull(Assert.java:277)
	at junit.framework.TestCase.assertNull(TestCase.java:447)
	at pcgen.io.exporttoken.WeaponTokenTest.testDoubleWeapon(WeaponTokenTest.java:415)
	at java.base/jdk.internal.reflect.NativeMethodAccessorImpl.invoke0(Native Method)
	at java.base/jdk.internal.reflect.NativeMethodAccessorImpl.invoke(NativeMethodAccessorImpl.java:62)
	at java.base/jdk.internal.reflect.DelegatingMethodAccessorImpl.invoke(DelegatingMethodAccessorImpl.java:43)
	at java.base/java.lang.reflect.Method.invoke(Method.java:566)
	at junit.framework.TestCase.runTest(TestCase.java:176)
	at junit.framework.TestCase.runBare(TestCase.java:141)
	at junit.framework.TestResult$1.protect(TestResult.java:122)
	at junit.framework.TestResult.runProtected(TestResult.java:142)
	at junit.framework.TestResult.run(TestResult.java:125)
	at junit.framework.TestCase.run(TestCase.java:129)
	at junit.framework.TestSuite.runTest(TestSuite.java:252)
	at junit.framework.TestSuite.run(TestSuite.java:247)
	at org.junit.internal.runners.JUnit38ClassRunner.run(JUnit38ClassRunner.java:86)
	at org.apache.maven.surefire.junit4.JUnit4Provider.execute(JUnit4Provider.java:252)
	at org.apache.maven.surefire.junit4.JUnit4Provider.executeTestSet(JUnit4Provider.java:141)
	at org.apache.maven.surefire.junit4.JUnit4Provider.invoke(JUnit4Provider.java:112)
	at java.base/jdk.internal.reflect.NativeMethodAccessorImpl.invoke0(Native Method)
	at java.base/jdk.internal.reflect.NativeMethodAccessorImpl.invoke(NativeMethodAccessorImpl.java:62)
	at java.base/jdk.internal.reflect.DelegatingMethodAccessorImpl.invoke(DelegatingMethodAccessorImpl.java:43)
	at java.base/java.lang.reflect.Method.invoke(Method.java:566)
	at org.apache.maven.surefire.util.ReflectionUtils.invokeMethodWithArray(ReflectionUtils.java:189)
	at org.apache.maven.surefire.booter.ProviderFactory$ProviderProxy.invoke(ProviderFactory.java:165)
	at org.apache.maven.surefire.booter.ProviderFactory.invokeProvider(ProviderFactory.java:85)
	at org.apache.maven.surefire.booter.ForkedBooter.runSuitesInProcess(ForkedBooter.java:115)
	at org.apache.maven.surefire.booter.ForkedBooter.main(ForkedBooter.java:75)
</failure>
    <system-err>Feb 14, 2019 11:03:26 PM pcgen.util.Logging errorPrint
SEVERE: Duplicate PCClass Token found for token FACT:ClassType. Classes were pcgen.cdom.content.fact.FactParser and pcgen.cdom.content.fact.FactParser
Feb 14, 2019 11:03:26 PM pcgen.util.Logging errorPrint
SEVERE: Duplicate PCClass Token found for token FACT:SpellType. Classes were pcgen.cdom.content.fact.FactParser and pcgen.cdom.content.fact.FactParser
Feb 14, 2019 11:03:26 PM pcgen.util.Logging errorPrint
SEVERE: Duplicate Group Definition in PCClass: SpellType. Classes were pcgen.cdom.content.fact.FactGroupDefinition and pcgen.cdom.content.fact.FactGroupDefinition
Feb 14, 2019 11:03:26 PM pcgen.util.Logging errorPrint
SEVERE: Warning: load.lst for game mode 3.5 does not contain load category definitions. No weight categories will be available. Please refer to the documentation for the Load List file. See: null
</system-err>
  </testcase>
  <testcase classname="pcgen.io.exporttoken.WeaponTokenTest" name="testLargeLongSword" time="0.001">
    <failure message="Large sword - can&apos;t be wielded one handed" type="junit.framework.AssertionFailedError">junit.framework.AssertionFailedError: Large sword - can&apos;t be wielded one handed
	at junit.framework.Assert.fail(Assert.java:57)
	at junit.framework.Assert.assertTrue(Assert.java:22)
	at junit.framework.Assert.assertNull(Assert.java:277)
	at junit.framework.TestCase.assertNull(TestCase.java:447)
	at pcgen.io.exporttoken.WeaponTokenTest.testLargeLongSword(WeaponTokenTest.java:579)
	at java.base/jdk.internal.reflect.NativeMethodAccessorImpl.invoke0(Native Method)
	at java.base/jdk.internal.reflect.NativeMethodAccessorImpl.invoke(NativeMethodAccessorImpl.java:62)
	at java.base/jdk.internal.reflect.DelegatingMethodAccessorImpl.invoke(DelegatingMethodAccessorImpl.java:43)
	at java.base/java.lang.reflect.Method.invoke(Method.java:566)
	at junit.framework.TestCase.runTest(TestCase.java:176)
	at junit.framework.TestCase.runBare(TestCase.java:141)
	at junit.framework.TestResult$1.protect(TestResult.java:122)
	at junit.framework.TestResult.runProtected(TestResult.java:142)
	at junit.framework.TestResult.run(TestResult.java:125)
	at junit.framework.TestCase.run(TestCase.java:129)
	at junit.framework.TestSuite.runTest(TestSuite.java:252)
	at junit.framework.TestSuite.run(TestSuite.java:247)
	at org.junit.internal.runners.JUnit38ClassRunner.run(JUnit38ClassRunner.java:86)
	at org.apache.maven.surefire.junit4.JUnit4Provider.execute(JUnit4Provider.java:252)
	at org.apache.maven.surefire.junit4.JUnit4Provider.executeTestSet(JUnit4Provider.java:141)
	at org.apache.maven.surefire.junit4.JUnit4Provider.invoke(JUnit4Provider.java:112)
	at java.base/jdk.internal.reflect.NativeMethodAccessorImpl.invoke0(Native Method)
	at java.base/jdk.internal.reflect.NativeMethodAccessorImpl.invoke(NativeMethodAccessorImpl.java:62)
	at java.base/jdk.internal.reflect.DelegatingMethodAccessorImpl.invoke(DelegatingMethodAccessorImpl.java:43)
	at java.base/java.lang.reflect.Method.invoke(Method.java:566)
	at org.apache.maven.surefire.util.ReflectionUtils.invokeMethodWithArray(ReflectionUtils.java:189)
	at org.apache.maven.surefire.booter.ProviderFactory$ProviderProxy.invoke(ProviderFactory.java:165)
	at org.apache.maven.surefire.booter.ProviderFactory.invokeProvider(ProviderFactory.java:85)
	at org.apache.maven.surefire.booter.ForkedBooter.runSuitesInProcess(ForkedBooter.java:115)
	at org.apache.maven.surefire.booter.ForkedBooter.main(ForkedBooter.java:75)
</failure>
    <system-err>Feb 14, 2019 11:03:26 PM pcgen.util.Logging errorPrint
SEVERE: Duplicate PCClass Token found for token FACT:ClassType. Classes were pcgen.cdom.content.fact.FactParser and pcgen.cdom.content.fact.FactParser
Feb 14, 2019 11:03:26 PM pcgen.util.Logging errorPrint
SEVERE: Duplicate PCClass Token found for token FACT:SpellType. Classes were pcgen.cdom.content.fact.FactParser and pcgen.cdom.content.fact.FactParser
Feb 14, 2019 11:03:26 PM pcgen.util.Logging errorPrint
SEVERE: Duplicate Group Definition in PCClass: SpellType. Classes were pcgen.cdom.content.fact.FactGroupDefinition and pcgen.cdom.content.fact.FactGroupDefinition
Feb 14, 2019 11:03:26 PM pcgen.util.Logging errorPrint
SEVERE: Warning: load.lst for game mode 3.5 does not contain load category definitions. No weight categories will be available. Please refer to the documentation for the Load List file. See: null
</system-err>
  </testcase>
  <testcase classname="pcgen.io.exporttoken.WeaponTokenTest" name="testAmmunition" time="0.163"/>
  <testcase classname="pcgen.io.exporttoken.WeaponTokenTest" name="testTwohandedEquipped" time="0.001"/>
  <testcase classname="pcgen.io.exporttoken.WeaponTokenTest" name="testFeatBonus" time="0.001"/>
  <testcase classname="pcgen.io.exporttoken.WeaponTokenTest" name="testWpnFinesse" time="0.005"/>
  <testcase classname="pcgen.io.exporttoken.WeaponTokenTest" name="testEnhancedDoubleWeapon" time="0.157"/>
  <testcase classname="pcgen.io.exporttoken.WeaponTokenTest" name="testBastardSword" time="0.001">
    <failure message="Not possible to weild the bastard sword one handed." type="junit.framework.AssertionFailedError">junit.framework.AssertionFailedError: Not possible to weild the bastard sword one handed.
	at junit.framework.Assert.fail(Assert.java:57)
	at junit.framework.Assert.assertTrue(Assert.java:22)
	at junit.framework.Assert.assertNull(Assert.java:277)
	at junit.framework.TestCase.assertNull(TestCase.java:447)
	at pcgen.io.exporttoken.WeaponTokenTest.testBastardSword(WeaponTokenTest.java:548)
	at java.base/jdk.internal.reflect.NativeMethodAccessorImpl.invoke0(Native Method)
	at java.base/jdk.internal.reflect.NativeMethodAccessorImpl.invoke(NativeMethodAccessorImpl.java:62)
	at java.base/jdk.internal.reflect.DelegatingMethodAccessorImpl.invoke(DelegatingMethodAccessorImpl.java:43)
	at java.base/java.lang.reflect.Method.invoke(Method.java:566)
	at junit.framework.TestCase.runTest(TestCase.java:176)
	at junit.framework.TestCase.runBare(TestCase.java:141)
	at junit.framework.TestResult$1.protect(TestResult.java:122)
	at junit.framework.TestResult.runProtected(TestResult.java:142)
	at junit.framework.TestResult.run(TestResult.java:125)
	at junit.framework.TestCase.run(TestCase.java:129)
	at junit.framework.TestSuite.runTest(TestSuite.java:252)
	at junit.framework.TestSuite.run(TestSuite.java:247)
	at org.junit.internal.runners.JUnit38ClassRunner.run(JUnit38ClassRunner.java:86)
	at org.apache.maven.surefire.junit4.JUnit4Provider.execute(JUnit4Provider.java:252)
	at org.apache.maven.surefire.junit4.JUnit4Provider.executeTestSet(JUnit4Provider.java:141)
	at org.apache.maven.surefire.junit4.JUnit4Provider.invoke(JUnit4Provider.java:112)
	at java.base/jdk.internal.reflect.NativeMethodAccessorImpl.invoke0(Native Method)
	at java.base/jdk.internal.reflect.NativeMethodAccessorImpl.invoke(NativeMethodAccessorImpl.java:62)
	at java.base/jdk.internal.reflect.DelegatingMethodAccessorImpl.invoke(DelegatingMethodAccessorImpl.java:43)
	at java.base/java.lang.reflect.Method.invoke(Method.java:566)
	at org.apache.maven.surefire.util.ReflectionUtils.invokeMethodWithArray(ReflectionUtils.java:189)
	at org.apache.maven.surefire.booter.ProviderFactory$ProviderProxy.invoke(ProviderFactory.java:165)
	at org.apache.maven.surefire.booter.ProviderFactory.invokeProvider(ProviderFactory.java:85)
	at org.apache.maven.surefire.booter.ForkedBooter.runSuitesInProcess(ForkedBooter.java:115)
	at org.apache.maven.surefire.booter.ForkedBooter.main(ForkedBooter.java:75)
</failure>
    <system-err>Feb 14, 2019 11:03:27 PM pcgen.util.Logging errorPrint
SEVERE: Duplicate PCClass Token found for token FACT:ClassType. Classes were pcgen.cdom.content.fact.FactParser and pcgen.cdom.content.fact.FactParser
Feb 14, 2019 11:03:27 PM pcgen.util.Logging errorPrint
SEVERE: Duplicate PCClass Token found for token FACT:SpellType. Classes were pcgen.cdom.content.fact.FactParser and pcgen.cdom.content.fact.FactParser
Feb 14, 2019 11:03:27 PM pcgen.util.Logging errorPrint
SEVERE: Duplicate Group Definition in PCClass: SpellType. Classes were pcgen.cdom.content.fact.FactGroupDefinition and pcgen.cdom.content.fact.FactGroupDefinition
Feb 14, 2019 11:03:27 PM pcgen.util.Logging errorPrint
SEVERE: Warning: load.lst for game mode 3.5 does not contain load category definitions. No weight categories will be available. Please refer to the documentation for the Load List file. See: null
</system-err>
  </testcase>
  <testcase classname="pcgen.io.exporttoken.WeaponTokenTest" name="testTwohandedNotequipped" time="0"/>
  <testcase classname="pcgen.io.exporttoken.WeaponTokenTest" name="testLargeWpnBonus" time="0">
    <failure message="Large sword - can&apos;t be wielded one handed" type="junit.framework.AssertionFailedError">junit.framework.AssertionFailedError: Large sword - can&apos;t be wielded one handed
	at junit.framework.Assert.fail(Assert.java:57)
	at junit.framework.Assert.assertTrue(Assert.java:22)
	at junit.framework.Assert.assertNull(Assert.java:277)
	at junit.framework.TestCase.assertNull(TestCase.java:447)
	at pcgen.io.exporttoken.WeaponTokenTest.testLargeWpnBonus(WeaponTokenTest.java:623)
	at java.base/jdk.internal.reflect.NativeMethodAccessorImpl.invoke0(Native Method)
	at java.base/jdk.internal.reflect.NativeMethodAccessorImpl.invoke(NativeMethodAccessorImpl.java:62)
	at java.base/jdk.internal.reflect.DelegatingMethodAccessorImpl.invoke(DelegatingMethodAccessorImpl.java:43)
	at java.base/java.lang.reflect.Method.invoke(Method.java:566)
	at junit.framework.TestCase.runTest(TestCase.java:176)
	at junit.framework.TestCase.runBare(TestCase.java:141)
	at junit.framework.TestResult$1.protect(TestResult.java:122)
	at junit.framework.TestResult.runProtected(TestResult.java:142)
	at junit.framework.TestResult.run(TestResult.java:125)
	at junit.framework.TestCase.run(TestCase.java:129)
	at junit.framework.TestSuite.runTest(TestSuite.java:252)
	at junit.framework.TestSuite.run(TestSuite.java:247)
	at org.junit.internal.runners.JUnit38ClassRunner.run(JUnit38ClassRunner.java:86)
	at org.apache.maven.surefire.junit4.JUnit4Provider.execute(JUnit4Provider.java:252)
	at org.apache.maven.surefire.junit4.JUnit4Provider.executeTestSet(JUnit4Provider.java:141)
	at org.apache.maven.surefire.junit4.JUnit4Provider.invoke(JUnit4Provider.java:112)
	at java.base/jdk.internal.reflect.NativeMethodAccessorImpl.invoke0(Native Method)
	at java.base/jdk.internal.reflect.NativeMethodAccessorImpl.invoke(NativeMethodAccessorImpl.java:62)
	at java.base/jdk.internal.reflect.DelegatingMethodAccessorImpl.invoke(DelegatingMethodAccessorImpl.java:43)
	at java.base/java.lang.reflect.Method.invoke(Method.java:566)
	at org.apache.maven.surefire.util.ReflectionUtils.invokeMethodWithArray(ReflectionUtils.java:189)
	at org.apache.maven.surefire.booter.ProviderFactory$ProviderProxy.invoke(ProviderFactory.java:165)
	at org.apache.maven.surefire.booter.ProviderFactory.invokeProvider(ProviderFactory.java:85)
	at org.apache.maven.surefire.booter.ForkedBooter.runSuitesInProcess(ForkedBooter.java:115)
	at org.apache.maven.surefire.booter.ForkedBooter.main(ForkedBooter.java:75)
</failure>
    <system-err>Feb 14, 2019 11:03:27 PM pcgen.util.Logging errorPrint
SEVERE: Duplicate PCClass Token found for token FACT:ClassType. Classes were pcgen.cdom.content.fact.FactParser and pcgen.cdom.content.fact.FactParser
Feb 14, 2019 11:03:27 PM pcgen.util.Logging errorPrint
SEVERE: Duplicate PCClass Token found for token FACT:SpellType. Classes were pcgen.cdom.content.fact.FactParser and pcgen.cdom.content.fact.FactParser
Feb 14, 2019 11:03:27 PM pcgen.util.Logging errorPrint
SEVERE: Duplicate Group Definition in PCClass: SpellType. Classes were pcgen.cdom.content.fact.FactGroupDefinition and pcgen.cdom.content.fact.FactGroupDefinition
Feb 14, 2019 11:03:27 PM pcgen.util.Logging errorPrint
SEVERE: Warning: load.lst for game mode 3.5 does not contain load category definitions. No weight categories will be available. Please refer to the documentation for the Load List file. See: null
</system-err>
  </testcase>
  <testcase classname="pcgen.io.exporttoken.WeaponTokenTest" name="testNaturalWeapon" time="0.001"/>
  <testcase classname="pcgen.io.exporttoken.WeaponTokenTest" name="testWpnReach" time="0.003"/>
  <testcase classname="pcgen.io.exporttoken.WeaponTokenTest" name="testTemplateBonus" time="0.001"/>
</testsuite>