<?xml version="1.0" encoding="UTF-8" ?>
<testsuite tests="13" failures="4" name="pcgen.io.exporttoken.WeaponTokenTest" time="0.335" errors="0" skipped="0">
  <properties>
    <property name="java.runtime.name" value="Java(TM) SE Runtime Environment"/>
    <property name="java.vm.version" value="11.0.1+13-LTS"/>
    <property name="sun.boot.library.path" value="/Library/Java/JavaVirtualMachines/jdk-11.0.1.jdk/Contents/Home/lib"/>
    <property name="gopherProxySet" value="false"/>
    <property name="maven.multiModuleProjectDirectory" value="/Users/al029298/git/pcgen-reactor/pcgen"/>
    <property name="java.vm.vendor" value="Oracle Corporation"/>
    <property name="java.vendor.url" value="http://java.oracle.com/"/>
    <property name="guice.disable.misplaced.annotation.check" value="true"/>
    <property name="path.separator" value=":"/>
    <property name="java.vm.name" value="Java HotSpot(TM) 64-Bit Server VM"/>
    <property name="sun.os.patch.level" value="unknown"/>
    <property name="user.country" value="US"/>
    <property name="sun.java.launcher" value="SUN_STANDARD"/>
    <property name="java.vm.specification.name" value="Java Virtual Machine Specification"/>
    <property name="user.dir" value="/Users/al029298/git/pcgen-reactor/pcgen"/>
    <property name="java.vm.compressedOopsMode" value="Zero based"/>
    <property name="java.runtime.version" value="11.0.1+13-LTS"/>
    <property name="java.awt.graphicsenv" value="sun.awt.CGraphicsEnvironment"/>
    <property name="os.arch" value="x86_64"/>
    <property name="java.io.tmpdir" value="/var/folders/z_/m_yk1s95287cmln2vxt33_ndx_jbt8/T/"/>
    <property name="line.separator" value="
"/>
    <property name="java.vm.specification.vendor" value="Oracle Corporation"/>
    <property name="os.name" value="Mac OS X"/>
    <property name="classworlds.conf" value="/usr/local/Cellar/maven/3.5.4/libexec/bin/m2.conf"/>
    <property name="sun.jnu.encoding" value="UTF-8"/>
    <property name="java.library.path" value="/Users/al029298/Library/Java/Extensions:/Library/Java/Extensions:/Network/Library/Java/Extensions:/System/Library/Java/Extensions:/usr/lib/java:."/>
    <property name="maven.conf" value="/usr/local/Cellar/maven/3.5.4/libexec/conf"/>
    <property name="jdk.debug" value="release"/>
    <property name="java.class.version" value="55.0"/>
    <property name="java.specification.name" value="Java Platform API Specification"/>
    <property name="java.net.preferIPv4Stack" value="true"/>
    <property name="sun.management.compiler" value="HotSpot 64-Bit Tiered Compilers"/>
    <property name="os.version" value="10.12.6"/>
    <property name="library.jansi.path" value="/usr/local/Cellar/maven/3.5.4/libexec/lib/jansi-native"/>
    <property name="http.nonProxyHosts" value="local|*.local|169.254/16|*.169.254/16"/>
    <property name="user.home" value="/Users/al029298"/>
    <property name="user.timezone" value="America/Chicago"/>
    <property name="java.awt.printerjob" value="sun.lwawt.macosx.CPrinterJob"/>
    <property name="file.encoding" value="UTF-8"/>
    <property name="java.specification.version" value="11"/>
    <property name="user.name" value="al029298"/>
    <property name="java.class.path" value="/usr/local/Cellar/maven/3.5.4/libexec/boot/plexus-classworlds-2.5.2.jar"/>
    <property name="java.vm.specification.version" value="11"/>
    <property name="sun.arch.data.model" value="64"/>
    <property name="sun.java.command" value="org.codehaus.plexus.classworlds.launcher.Launcher clean install"/>
    <property name="java.home" value="/Library/Java/JavaVirtualMachines/jdk-11.0.1.jdk/Contents/Home"/>
    <property name="user.language" value="en"/>
    <property name="java.specification.vendor" value="Oracle Corporation"/>
    <property name="awt.toolkit" value="sun.lwawt.macosx.LWCToolkit"/>
    <property name="java.vm.info" value="mixed mode"/>
    <property name="java.version" value="11.0.1"/>
    <property name="java.vendor" value="Oracle Corporation"/>
    <property name="maven.home" value="/usr/local/Cellar/maven/3.5.4/libexec"/>
    <property name="file.separator" value="/"/>
    <property name="java.version.date" value="2018-10-16"/>
    <property name="java.vendor.url.bug" value="http://bugreport.java.com/bugreport/"/>
    <property name="sun.io.unicode.encoding" value="UnicodeBig"/>
    <property name="sun.cpu.endian" value="little"/>
    <property name="java.vendor.version" value="18.9"/>
    <property name="socksNonProxyHosts" value="local|*.local|169.254/16|*.169.254/16"/>
    <property name="ftp.nonProxyHosts" value="local|*.local|169.254/16|*.169.254/16"/>
    <property name="sun.cpu.isalist" value=""/>
  </properties>
  <testcase classname="pcgen.io.exporttoken.WeaponTokenTest" name="testDoubleWeapon" time="0.001">
    <failure message="1H-P - BASEHIT-H1" type="junit.framework.AssertionFailedError">junit.framework.AssertionFailedError: 1H-P - BASEHIT-H1
	at junit.framework.Assert.fail(Assert.java:57)
	at junit.framework.Assert.assertTrue(Assert.java:22)
	at junit.framework.Assert.assertNull(Assert.java:277)
	at junit.framework.TestCase.assertNull(TestCase.java:447)
	at pcgen.io.exporttoken.WeaponTokenTest.testDoubleWeapon(WeaponTokenTest.java:415)
	at java.base/jdk.internal.reflect.NativeMethodAccessorImpl.invoke0(Native Method)
	at java.base/jdk.internal.reflect.NativeMethodAccessorImpl.invoke(NativeMethodAccessorImpl.java:62)
	at java.base/jdk.internal.reflect.DelegatingMethodAccessorImpl.invoke(DelegatingMethodAccessorImpl.java:43)
	at java.base/java.lang.reflect.Method.invoke(Method.java:566)
	at junit.framework.TestCase.runTest(TestCase.java:176)
	at junit.framework.TestCase.runBare(TestCase.java:141)
	at junit.framework.TestResult$1.protect(TestResult.java:122)
	at junit.framework.TestResult.runProtected(TestResult.java:142)
	at junit.framework.TestResult.run(TestResult.java:125)
	at junit.framework.TestCase.run(TestCase.java:129)
	at junit.framework.TestSuite.runTest(TestSuite.java:252)
	at junit.framework.TestSuite.run(TestSuite.java:247)
	at org.junit.internal.runners.JUnit38ClassRunner.run(JUnit38ClassRunner.java:86)
	at org.apache.maven.surefire.junit4.JUnit4Provider.execute(JUnit4Provider.java:252)
	at org.apache.maven.surefire.junit4.JUnit4Provider.executeTestSet(JUnit4Provider.java:141)
	at org.apache.maven.surefire.junit4.JUnit4Provider.invoke(JUnit4Provider.java:112)
	at java.base/jdk.internal.reflect.NativeMethodAccessorImpl.invoke0(Native Method)
	at java.base/jdk.internal.reflect.NativeMethodAccessorImpl.invoke(NativeMethodAccessorImpl.java:62)
	at java.base/jdk.internal.reflect.DelegatingMethodAccessorImpl.invoke(DelegatingMethodAccessorImpl.java:43)
	at java.base/java.lang.reflect.Method.invoke(Method.java:566)
	at org.apache.maven.surefire.util.ReflectionUtils.invokeMethodWithArray(ReflectionUtils.java:189)
	at org.apache.maven.surefire.booter.ProviderFactory$ProviderProxy.invoke(ProviderFactory.java:165)
	at org.apache.maven.surefire.booter.ProviderFactory.invokeProvider(ProviderFactory.java:85)
	at org.apache.maven.surefire.booter.ForkedBooter.runSuitesInProcess(ForkedBooter.java:115)
	at org.apache.maven.surefire.booter.ForkedBooter.main(ForkedBooter.java:75)
</failure>
    <system-err>Feb 14, 2019 11:03:26 PM pcgen.util.Logging errorPrint
SEVERE: Duplicate PCClass Token found for token FACT:ClassType. Classes were pcgen.cdom.content.fact.FactParser and pcgen.cdom.content.fact.FactParser
Feb 14, 2019 11:03:26 PM pcgen.util.Logging errorPrint
SEVERE: Duplicate PCClass Token found for token FACT:SpellType. Classes were pcgen.cdom.content.fact.FactParser and pcgen.cdom.content.fact.FactParser
Feb 14, 2019 11:03:26 PM pcgen.util.Logging errorPrint
SEVERE: Duplicate Group Definition in PCClass: SpellType. Classes were pcgen.cdom.content.fact.FactGroupDefinition and pcgen.cdom.content.fact.FactGroupDefinition
Feb 14, 2019 11:03:26 PM pcgen.util.Logging errorPrint
SEVERE: Warning: load.lst for game mode 3.5 does not contain load category definitions. No weight categories will be available. Please refer to the documentation for the Load List file. See: null
</system-err>
  </testcase>
  <testcase classname="pcgen.io.exporttoken.WeaponTokenTest" name="testLargeLongSword" time="0.001">
    <failure message="Large sword - can&apos;t be wielded one handed" type="junit.framework.AssertionFailedError">junit.framework.AssertionFailedError: Large sword - can&apos;t be wielded one handed
	at junit.framework.Assert.fail(Assert.java:57)
	at junit.framework.Assert.assertTrue(Assert.java:22)
	at junit.framework.Assert.assertNull(Assert.java:277)
	at junit.framework.TestCase.assertNull(TestCase.java:447)
	at pcgen.io.exporttoken.WeaponTokenTest.testLargeLongSword(WeaponTokenTest.java:579)
	at java.base/jdk.internal.reflect.NativeMethodAccessorImpl.invoke0(Native Method)
	at java.base/jdk.internal.reflect.NativeMethodAccessorImpl.invoke(NativeMethodAccessorImpl.java:62)
	at java.base/jdk.internal.reflect.DelegatingMethodAccessorImpl.invoke(DelegatingMethodAccessorImpl.java:43)
	at java.base/java.lang.reflect.Method.invoke(Method.java:566)
	at junit.framework.TestCase.runTest(TestCase.java:176)
	at junit.framework.TestCase.runBare(TestCase.java:141)
	at junit.framework.TestResult$1.protect(TestResult.java:122)
	at junit.framework.TestResult.runProtected(TestResult.java:142)
	at junit.framework.TestResult.run(TestResult.java:125)
	at junit.framework.TestCase.run(TestCase.java:129)
	at junit.framework.TestSuite.runTest(TestSuite.java:252)
	at junit.framework.TestSuite.run(TestSuite.java:247)
	at org.junit.internal.runners.JUnit38ClassRunner.run(JUnit38ClassRunner.java:86)
	at org.apache.maven.surefire.junit4.JUnit4Provider.execute(JUnit4Provider.java:252)
	at org.apache.maven.surefire.junit4.JUnit4Provider.executeTestSet(JUnit4Provider.java:141)
	at org.apache.maven.surefire.junit4.JUnit4Provider.invoke(JUnit4Provider.java:112)
	at java.base/jdk.internal.reflect.NativeMethodAccessorImpl.invoke0(Native Method)
	at java.base/jdk.internal.reflect.NativeMethodAccessorImpl.invoke(NativeMethodAccessorImpl.java:62)
	at java.base/jdk.internal.reflect.DelegatingMethodAccessorImpl.invoke(DelegatingMethodAccessorImpl.java:43)
	at java.base/java.lang.reflect.Method.invoke(Method.java:566)
	at org.apache.maven.surefire.util.ReflectionUtils.invokeMethodWithArray(ReflectionUtils.java:189)
	at org.apache.maven.surefire.booter.ProviderFactory$ProviderProxy.invoke(ProviderFactory.java:165)
	at org.apache.maven.surefire.booter.ProviderFactory.invokeProvider(ProviderFactory.java:85)
	at org.apache.maven.surefire.booter.ForkedBooter.runSuitesInProcess(ForkedBooter.java:115)
	at org.apache.maven.surefire.booter.ForkedBooter.main(ForkedBooter.java:75)
</failure>
    <system-err>Feb 14, 2019 11:03:26 PM pcgen.util.Logging errorPrint
SEVERE: Duplicate PCClass Token found for token FACT:ClassType. Classes were pcgen.cdom.content.fact.FactParser and pcgen.cdom.content.fact.FactParser
Feb 14, 2019 11:03:26 PM pcgen.util.Logging errorPrint
SEVERE: Duplicate PCClass Token found for token FACT:SpellType. Classes were pcgen.cdom.content.fact.FactParser and pcgen.cdom.content.fact.FactParser
Feb 14, 2019 11:03:26 PM pcgen.util.Logging errorPrint
SEVERE: Duplicate Group Definition in PCClass: SpellType. Classes were pcgen.cdom.content.fact.FactGroupDefinition and pcgen.cdom.content.fact.FactGroupDefinition
Feb 14, 2019 11:03:26 PM pcgen.util.Logging errorPrint
SEVERE: Warning: load.lst for game mode 3.5 does not contain load category definitions. No weight categories will be available. Please refer to the documentation for the Load List file. See: null
</system-err>
  </testcase>
  <testcase classname="pcgen.io.exporttoken.WeaponTokenTest" name="testAmmunition" time="0.163"/>
  <testcase classname="pcgen.io.exporttoken.WeaponTokenTest" name="testTwohandedEquipped" time="0.001"/>
  <testcase classname="pcgen.io.exporttoken.WeaponTokenTest" name="testFeatBonus" time="0.001"/>
  <testcase classname="pcgen.io.exporttoken.WeaponTokenTest" name="testWpnFinesse" time="0.005"/>
  <testcase classname="pcgen.io.exporttoken.WeaponTokenTest" name="testEnhancedDoubleWeapon" time="0.157"/>
  <testcase classname="pcgen.io.exporttoken.WeaponTokenTest" name="testBastardSword" time="0.001">
    <failure message="Not possible to weild the bastard sword one handed." type="junit.framework.AssertionFailedError">junit.framework.AssertionFailedError: Not possible to weild the bastard sword one handed.
	at junit.framework.Assert.fail(Assert.java:57)
	at junit.framework.Assert.assertTrue(Assert.java:22)
	at junit.framework.Assert.assertNull(Assert.java:277)
	at junit.framework.TestCase.assertNull(TestCase.java:447)
	at pcgen.io.exporttoken.WeaponTokenTest.testBastardSword(WeaponTokenTest.java:548)
	at java.base/jdk.internal.reflect.NativeMethodAccessorImpl.invoke0(Native Method)
	at java.base/jdk.internal.reflect.NativeMethodAccessorImpl.invoke(NativeMethodAccessorImpl.java:62)
	at java.base/jdk.internal.reflect.DelegatingMethodAccessorImpl.invoke(DelegatingMethodAccessorImpl.java:43)
	at java.base/java.lang.reflect.Method.invoke(Method.java:566)
	at junit.framework.TestCase.runTest(TestCase.java:176)
	at junit.framework.TestCase.runBare(TestCase.java:141)
	at junit.framework.TestResult$1.protect(TestResult.java:122)
	at junit.framework.TestResult.runProtected(TestResult.java:142)
	at junit.framework.TestResult.run(TestResult.java:125)
	at junit.framework.TestCase.run(TestCase.java:129)
	at junit.framework.TestSuite.runTest(TestSuite.java:252)
	at junit.framework.TestSuite.run(TestSuite.java:247)
	at org.junit.internal.runners.JUnit38ClassRunner.run(JUnit38ClassRunner.java:86)
	at org.apache.maven.surefire.junit4.JUnit4Provider.execute(JUnit4Provider.java:252)
	at org.apache.maven.surefire.junit4.JUnit4Provider.executeTestSet(JUnit4Provider.java:141)
	at org.apache.maven.surefire.junit4.JUnit4Provider.invoke(JUnit4Provider.java:112)
	at java.base/jdk.internal.reflect.NativeMethodAccessorImpl.invoke0(Native Method)
	at java.base/jdk.internal.reflect.NativeMethodAccessorImpl.invoke(NativeMethodAccessorImpl.java:62)
	at java.base/jdk.internal.reflect.DelegatingMethodAccessorImpl.invoke(DelegatingMethodAccessorImpl.java:43)
	at java.base/java.lang.reflect.Method.invoke(Method.java:566)
	at org.apache.maven.surefire.util.ReflectionUtils.invokeMethodWithArray(ReflectionUtils.java:189)
	at org.apache.maven.surefire.booter.ProviderFactory$ProviderProxy.invoke(ProviderFactory.java:165)
	at org.apache.maven.surefire.booter.ProviderFactory.invokeProvider(ProviderFactory.java:85)
	at org.apache.maven.surefire.booter.ForkedBooter.runSuitesInProcess(ForkedBooter.java:115)
	at org.apache.maven.surefire.booter.ForkedBooter.main(ForkedBooter.java:75)
</failure>
    <system-err>Feb 14, 2019 11:03:27 PM pcgen.util.Logging errorPrint
SEVERE: Duplicate PCClass Token found for token FACT:ClassType. Classes were pcgen.cdom.content.fact.FactParser and pcgen.cdom.content.fact.FactParser
Feb 14, 2019 11:03:27 PM pcgen.util.Logging errorPrint
SEVERE: Duplicate PCClass Token found for token FACT:SpellType. Classes were pcgen.cdom.content.fact.FactParser and pcgen.cdom.content.fact.FactParser
Feb 14, 2019 11:03:27 PM pcgen.util.Logging errorPrint
SEVERE: Duplicate Group Definition in PCClass: SpellType. Classes were pcgen.cdom.content.fact.FactGroupDefinition and pcgen.cdom.content.fact.FactGroupDefinition
Feb 14, 2019 11:03:27 PM pcgen.util.Logging errorPrint
SEVERE: Warning: load.lst for game mode 3.5 does not contain load category definitions. No weight categories will be available. Please refer to the documentation for the Load List file. See: null
</system-err>
  </testcase>
  <testcase classname="pcgen.io.exporttoken.WeaponTokenTest" name="testTwohandedNotequipped" time="0"/>
  <testcase classname="pcgen.io.exporttoken.WeaponTokenTest" name="testLargeWpnBonus" time="0">
    <failure message="Large sword - can&apos;t be wielded one handed" type="junit.framework.AssertionFailedError">junit.framework.AssertionFailedError: Large sword - can&apos;t be wielded one handed
	at junit.framework.Assert.fail(Assert.java:57)
	at junit.framework.Assert.assertTrue(Assert.java:22)
	at junit.framework.Assert.assertNull(Assert.java:277)
	at junit.framework.TestCase.assertNull(TestCase.java:447)
	at pcgen.io.exporttoken.WeaponTokenTest.testLargeWpnBonus(WeaponTokenTest.java:623)
	at java.base/jdk.internal.reflect.NativeMethodAccessorImpl.invoke0(Native Method)
	at java.base/jdk.internal.reflect.NativeMethodAccessorImpl.invoke(NativeMethodAccessorImpl.java:62)
	at java.base/jdk.internal.reflect.DelegatingMethodAccessorImpl.invoke(DelegatingMethodAccessorImpl.java:43)
	at java.base/java.lang.reflect.Method.invoke(Method.java:566)
	at junit.framework.TestCase.runTest(TestCase.java:176)
	at junit.framework.TestCase.runBare(TestCase.java:141)
	at junit.framework.TestResult$1.protect(TestResult.java:122)
	at junit.framework.TestResult.runProtected(TestResult.java:142)
	at junit.framework.TestResult.run(TestResult.java:125)
	at junit.framework.TestCase.run(TestCase.java:129)
	at junit.framework.TestSuite.runTest(TestSuite.java:252)
	at junit.framework.TestSuite.run(TestSuite.java:247)
	at org.junit.internal.runners.JUnit38ClassRunner.run(JUnit38ClassRunner.java:86)
	at org.apache.maven.surefire.junit4.JUnit4Provider.execute(JUnit4Provider.java:252)
	at org.apache.maven.surefire.junit4.JUnit4Provider.executeTestSet(JUnit4Provider.java:141)
	at org.apache.maven.surefire.junit4.JUnit4Provider.invoke(JUnit4Provider.java:112)
	at java.base/jdk.internal.reflect.NativeMethodAccessorImpl.invoke0(Native Method)
	at java.base/jdk.internal.reflect.NativeMethodAccessorImpl.invoke(NativeMethodAccessorImpl.java:62)
	at java.base/jdk.internal.reflect.DelegatingMethodAccessorImpl.invoke(DelegatingMethodAccessorImpl.java:43)
	at java.base/java.lang.reflect.Method.invoke(Method.java:566)
	at org.apache.maven.surefire.util.ReflectionUtils.invokeMethodWithArray(ReflectionUtils.java:189)
	at org.apache.maven.surefire.booter.ProviderFactory$ProviderProxy.invoke(ProviderFactory.java:165)
	at org.apache.maven.surefire.booter.ProviderFactory.invokeProvider(ProviderFactory.java:85)
	at org.apache.maven.surefire.booter.ForkedBooter.runSuitesInProcess(ForkedBooter.java:115)
	at org.apache.maven.surefire.booter.ForkedBooter.main(ForkedBooter.java:75)
</failure>
    <system-err>Feb 14, 2019 11:03:27 PM pcgen.util.Logging errorPrint
SEVERE: Duplicate PCClass Token found for token FACT:ClassType. Classes were pcgen.cdom.content.fact.FactParser and pcgen.cdom.content.fact.FactParser
Feb 14, 2019 11:03:27 PM pcgen.util.Logging errorPrint
SEVERE: Duplicate PCClass Token found for token FACT:SpellType. Classes were pcgen.cdom.content.fact.FactParser and pcgen.cdom.content.fact.FactParser
Feb 14, 2019 11:03:27 PM pcgen.util.Logging errorPrint
SEVERE: Duplicate Group Definition in PCClass: SpellType. Classes were pcgen.cdom.content.fact.FactGroupDefinition and pcgen.cdom.content.fact.FactGroupDefinition
Feb 14, 2019 11:03:27 PM pcgen.util.Logging errorPrint
SEVERE: Warning: load.lst for game mode 3.5 does not contain load category definitions. No weight categories will be available. Please refer to the documentation for the Load List file. See: null
</system-err>
  </testcase>
  <testcase classname="pcgen.io.exporttoken.WeaponTokenTest" name="testNaturalWeapon" time="0.001"/>
  <testcase classname="pcgen.io.exporttoken.WeaponTokenTest" name="testWpnReach" time="0.003"/>
  <testcase classname="pcgen.io.exporttoken.WeaponTokenTest" name="testTemplateBonus" time="0.001"/>
</testsuite>